0 info it worked if it ends with ok
1 verbose cli [ 'C:\\Program Files\\nodejs\\\\node.exe',
1 verbose cli   'C:\\Program Files\\nodejs\\node_modules\\npm\\bin\\npm-cli.js',
1 verbose cli   'install',
1 verbose cli   'cordova@3.5.0' ]
2 info using npm@1.4.28
3 info using node@v0.10.36
4 verbose node symlink C:\Program Files\nodejs\\node.exe
5 verbose cache add [ 'cordova@3.5.0', null ]
6 verbose cache add name=undefined spec="cordova@3.5.0" args=["cordova@3.5.0",null]
7 verbose parsed url { protocol: null,
7 verbose parsed url   slashes: null,
7 verbose parsed url   auth: null,
7 verbose parsed url   host: null,
7 verbose parsed url   port: null,
7 verbose parsed url   hostname: null,
7 verbose parsed url   hash: null,
7 verbose parsed url   search: null,
7 verbose parsed url   query: null,
7 verbose parsed url   pathname: 'cordova@3.5.0',
7 verbose parsed url   path: 'cordova@3.5.0',
7 verbose parsed url   href: 'cordova@3.5.0' }
8 verbose cache add name="cordova" spec="3.5.0" args=["cordova","3.5.0"]
9 verbose parsed url { protocol: null,
9 verbose parsed url   slashes: null,
9 verbose parsed url   auth: null,
9 verbose parsed url   host: null,
9 verbose parsed url   port: null,
9 verbose parsed url   hostname: null,
9 verbose parsed url   hash: null,
9 verbose parsed url   search: null,
9 verbose parsed url   query: null,
9 verbose parsed url   pathname: '3.5.0',
9 verbose parsed url   path: '3.5.0',
9 verbose parsed url   href: '3.5.0' }
10 verbose addNamed [ 'cordova', '3.5.0' ]
11 verbose addNamed [ '3.5.0', '3.5.0' ]
12 silly lockFile 42ef6c93-cordova-3-5-0 cordova@3.5.0
13 verbose lock cordova@3.5.0 C:\Users\SHUBHANSHU\AppData\Roaming\npm-cache\42ef6c93-cordova-3-5-0.lock
14 verbose request where is /cordova
15 verbose request registry https://registry.npmjs.org/
16 verbose request id aa49258ccc750541
17 verbose url raw /cordova
18 verbose url resolving [ 'https://registry.npmjs.org/', './cordova' ]
19 verbose url resolved https://registry.npmjs.org/cordova
20 verbose request where is https://registry.npmjs.org/cordova
21 info trying registry request attempt 1 at 22:30:36
22 verbose etag "1PQCBCSNJDHDLR6CBVFT7DFCP"
23 http GET https://registry.npmjs.org/cordova
24 http 304 https://registry.npmjs.org/cordova
25 silly registry.get cb [ 304,
25 silly registry.get   { date: 'Wed, 15 Jul 2015 17:00:36 GMT',
25 silly registry.get     via: '1.1 varnish',
25 silly registry.get     'cache-control': 'max-age=60',
25 silly registry.get     etag: '"1PQCBCSNJDHDLR6CBVFT7DFCP"',
25 silly registry.get     age: '29',
25 silly registry.get     connection: 'keep-alive',
25 silly registry.get     'x-served-by': 'cache-sin6921-SIN',
25 silly registry.get     'x-cache': 'HIT',
25 silly registry.get     'x-cache-hits': '17',
25 silly registry.get     'x-timer': 'S1436979636.070496,VS0,VE0',
25 silly registry.get     vary: 'Accept' } ]
26 verbose etag https://registry.npmjs.org/cordova from cache
27 silly lockFile 42ef6c93-cordova-3-5-0 cordova@3.5.0
28 silly lockFile 42ef6c93-cordova-3-5-0 cordova@3.5.0
29 error Error: version not found: cordova@3.5.0
29 error     at C:\Program Files\nodejs\node_modules\npm\lib\cache\add-named.js:125:12
29 error     at saved (C:\Program Files\nodejs\node_modules\npm\node_modules\npm-registry-client\lib\get.js:167:7)
29 error     at Object.oncomplete (fs.js:108:15)
30 error If you need help, you may report this *entire* log,
30 error including the npm and node versions, at:
30 error     <http://github.com/npm/npm/issues>
31 error System Windows_NT 6.2.9200
32 error command "C:\\Program Files\\nodejs\\\\node.exe" "C:\\Program Files\\nodejs\\node_modules\\npm\\bin\\npm-cli.js" "install" "cordova@3.5.0"
33 error cwd C:\Users\SHUBHANSHU\Desktop\hello
34 error node -v v0.10.36
35 error npm -v 1.4.28
36 verbose exit [ 1, true ]
